{"name": "test_login_demo_webshop[test@email.com-Welcome@1-Dashboard / nopCommerce administration0]", "status": "failed", "statusDetails": {"message": "AssertionError: Actual page title does not match with expected page title", "trace": "request = <FixtureRequest for <Function test_login_demo_webshop[test@email.com-Welcome@1-Dashboard / nopCommerce administration0]>>\n_pytest_bdd_example = {'email': 'test@email.com', 'home_page_title': 'Dashboard / nopCommerce administration', 'password': 'Welcome@1'}\n\n    @pytest.mark.usefixtures(*args)\n    def scenario_wrapper(request, _pytest_bdd_example):\n        scenario = templated_scenario.render(_pytest_bdd_example)\n>       _execute_scenario(feature, scenario, request)\n\n..\\selenium_python\\venv\\lib\\site-packages\\pytest_bdd\\scenario.py:174: \n_ _ _ _ _ _ _ _ _ _ _ _ _ _ _ _ _ _ _ _ _ _ _ _ _ _ _ _ _ _ _ _ _ _ _ _ _ _ _ _ _ _ _ _ _ _ _ _ _ _ _ _ _ _ _ _ _ _ _ _ _ _ _ _ _ _ _ _ _ _ _ _ _ _ _ _ _ _ _ _ _ _ _ _ _ _ _ _ _ _ _ _ _ _ _ _ _ _ _ _ _ _ _ _ _ _ _ _ _ _ _ _ _ _ _ _ _ \n..\\selenium_python\\venv\\lib\\site-packages\\pytest_bdd\\scenario.py:144: in _execute_scenario\n    _execute_step_function(request, scenario, step, step_func)\n..\\selenium_python\\venv\\lib\\site-packages\\pytest_bdd\\scenario.py:114: in _execute_step_function\n    return_value = step_func(**kwargs)\ntests\\step_defs\\test_login_demo_webshop.py:41: in verify_home_page_title\n    get_browser.login.verify_homepage_title(home_page_title)\n_ _ _ _ _ _ _ _ _ _ _ _ _ _ _ _ _ _ _ _ _ _ _ _ _ _ _ _ _ _ _ _ _ _ _ _ _ _ _ _ _ _ _ _ _ _ _ _ _ _ _ _ _ _ _ _ _ _ _ _ _ _ _ _ _ _ _ _ _ _ _ _ _ _ _ _ _ _ _ _ _ _ _ _ _ _ _ _ _ _ _ _ _ _ _ _ _ _ _ _ _ _ _ _ _ _ _ _ _ _ _ _ _ _ _ _ _ \n\nself = <tests.features.Page_Objects.Login_Page.LoginPage object at 0x000002045FC3CB20>, title = 'Dashboard / nopCommerce administration'\n\n    def verify_homepage_title(self, title):\n>       assert title in self.driver.title, \"Actual page title does not match with expected page title\"\nE       AssertionError: Actual page title does not match with expected page title\n\ntests\\features\\Page_Objects\\Login_Page.py:19: AssertionError"}, "description": "..\\features\\demo_webshop.feature: Test Login functionality of Demo webshop", "attachments": [{"name": "log", "source": "f1dab910-58c4-41ba-b4d5-886c4ec130d3-attachment.txt", "type": "text/plain"}], "parameters": [{"name": "_pytest_bdd_example", "value": "{'email': 'test@email.com', 'password': 'Welcome@1', 'home_page_title': 'Dashboard / nopCommerce administration'}"}], "start": 1640066648927, "stop": 1640066656127, "uuid": "41250001-c1da-4709-a09e-e938e3ffd92c", "historyId": "5995d7a542382901db5d9cc56880e912", "testCaseId": "7194bcbd6fe3586620c53115cb87d717", "fullName": "tests.step_defs.test_login_demo_webshop#test_login_demo_webshop", "labels": [{"name": "tag", "value": "@pytest.mark.usefixtures"}, {"name": "tag", "value": "login-test"}, {"name": "tag", "value": "sanity"}, {"name": "parentSuite", "value": "tests.step_defs"}, {"name": "suite", "value": "test_login_demo_webshop"}, {"name": "host", "value": "EPINHYDW042A"}, {"name": "thread", "value": "21352-MainThread"}, {"name": "framework", "value": "pytest"}, {"name": "language", "value": "cpython3"}, {"name": "package", "value": "tests.step_defs.test_login_demo_webshop"}]}