{"name": "test_login_demo_webshop[test@email.com-Welcome@1-Dashboard / nopCommerce administration1]", "status": "failed", "statusDetails": {"message": "AssertionError: Actual page title does not match with expected page title", "trace": "request = <FixtureRequest for <Function test_login_demo_webshop[test@email.com-Welcome@1-Dashboard / nopCommerce administration1]>>\n_pytest_bdd_example = {'email': 'test@email.com', 'home_page_title': 'Dashboard / nopCommerce administration', 'password': 'Welcome@1'}\n\n    @pytest.mark.usefixtures(*args)\n    def scenario_wrapper(request, _pytest_bdd_example):\n        scenario = templated_scenario.render(_pytest_bdd_example)\n>       _execute_scenario(feature, scenario, request)\n\n..\\selenium_python\\venv\\lib\\site-packages\\pytest_bdd\\scenario.py:174: \n_ _ _ _ _ _ _ _ _ _ _ _ _ _ _ _ _ _ _ _ _ _ _ _ _ _ _ _ _ _ _ _ _ _ _ _ _ _ _ _ _ _ _ _ _ _ _ _ _ _ _ _ _ _ _ _ _ _ _ _ _ _ _ _ _ _ _ _ _ _ _ _ _ _ _ _ _ _ _ _ _ _ _ _ _ _ _ _ _ _ _ _ _ _ _ _ _ _ _ _ _ _ _ _ _ _ _ _ _ _ _ _ _ _ _ _ _ \n..\\selenium_python\\venv\\lib\\site-packages\\pytest_bdd\\scenario.py:144: in _execute_scenario\n    _execute_step_function(request, scenario, step, step_func)\n..\\selenium_python\\venv\\lib\\site-packages\\pytest_bdd\\scenario.py:114: in _execute_step_function\n    return_value = step_func(**kwargs)\ntests\\step_defs\\test_login_demo_webshop.py:41: in verify_home_page_title\n    get_browser.login.verify_homepage_title(home_page_title)\n_ _ _ _ _ _ _ _ _ _ _ _ _ _ _ _ _ _ _ _ _ _ _ _ _ _ _ _ _ _ _ _ _ _ _ _ _ _ _ _ _ _ _ _ _ _ _ _ _ _ _ _ _ _ _ _ _ _ _ _ _ _ _ _ _ _ _ _ _ _ _ _ _ _ _ _ _ _ _ _ _ _ _ _ _ _ _ _ _ _ _ _ _ _ _ _ _ _ _ _ _ _ _ _ _ _ _ _ _ _ _ _ _ _ _ _ _ \n\nself = <tests.features.Page_Objects.Login_Page.LoginPage object at 0x000002045E89BAF0>, title = 'Dashboard / nopCommerce administration'\n\n    def verify_homepage_title(self, title):\n>       assert title in self.driver.title, \"Actual page title does not match with expected page title\"\nE       AssertionError: Actual page title does not match with expected page title\n\ntests\\features\\Page_Objects\\Login_Page.py:19: AssertionError"}, "description": "..\\features\\demo_webshop.feature: Test Login functionality of Demo webshop", "attachments": [{"name": "log", "source": "89eee271-f90b-4d80-8215-952c86440784-attachment.txt", "type": "text/plain"}], "parameters": [{"name": "_pytest_bdd_example", "value": "{'email': 'test@email.com', 'password': 'Welcome@1', 'home_page_title': 'Dashboard / nopCommerce administration'}"}], "start": 1640066659134, "stop": 1640066667925, "uuid": "ff385f90-bf18-4a31-9568-e4e7d36f3e23", "historyId": "e8ae7445d21dc42ba974dc93fc2239e7", "testCaseId": "7194bcbd6fe3586620c53115cb87d717", "fullName": "tests.step_defs.test_login_demo_webshop#test_login_demo_webshop", "labels": [{"name": "tag", "value": "@pytest.mark.usefixtures"}, {"name": "tag", "value": "login-test"}, {"name": "tag", "value": "sanity"}, {"name": "parentSuite", "value": "tests.step_defs"}, {"name": "suite", "value": "test_login_demo_webshop"}, {"name": "host", "value": "EPINHYDW042A"}, {"name": "thread", "value": "21352-MainThread"}, {"name": "framework", "value": "pytest"}, {"name": "language", "value": "cpython3"}, {"name": "package", "value": "tests.step_defs.test_login_demo_webshop"}]}